<?xml version="1.0" encoding="UTF-8"?>
<!-- Generated by org.testng.reporters.JUnitXMLReporter -->
<testsuite ignored="0" hostname="IITC-WS-NB37" failures="0" tests="3" name="Validating title in the Page" time="66.394" errors="0" timestamp="2021-01-05T19:00:15 IST">
  <testcase classname="com.squaretrade.tests.ValidateHeaderandFooter" name="URLCheckTest" time="40.98"/>
  <testcase classname="com.squaretrade.tests.ValidateHeaderandFooter" name="validateAppTitle" time="5.999"/>
  <testcase classname="com.squaretrade.tests.ValidateHeaderandFooter" name="validatefooter" time="0.055"/>
</testsuite> <!-- Validating title in the Page -->
