<?xml version="1.0" encoding="UTF-8"?>
<!-- Generated by org.testng.reporters.JUnitXMLReporter -->
<testsuite ignored="0" hostname="IITC-WS-NB37" failures="1" tests="1" name="Validating invalid User login" time="27.271" errors="0" timestamp="2021-01-05T19:01:38 IST">
  <testcase classname="com.squaretrade.tests.SignininvalidTests" name="baseGoogleInvalidTest" time="16.403">
    <failure type="java.lang.NullPointerException">
      <![CDATA[java.lang.NullPointerException
at pageObjects.CodeValidation.getaccesscode(CodeValidation.java:43)
at com.squaretrade.tests.SignininvalidTests.baseGoogleInvalidTest(SignininvalidTests.java:51)
at java.base/java.util.ArrayList.forEach(ArrayList.java:1540)
... Removed 27 stack frames]]>
    </failure>
  </testcase> <!-- baseGoogleInvalidTest -->
</testsuite> <!-- Validating invalid User login -->
