<?xml version="1.0" encoding="UTF-8"?>
<!-- Generated by org.testng.reporters.JUnitXMLReporter -->
<testsuite ignored="0" hostname="IITC-WS-NB37" failures="1" tests="1" name="Validating User login" time="30.641" errors="0" timestamp="2021-01-05T19:00:46 IST">
  <testcase classname="com.squaretrade.tests.SigninTests" name="baseGoogleValidTest" time="16.035">
    <failure type="java.lang.NullPointerException">
      <![CDATA[java.lang.NullPointerException
at pageObjects.CodeValidation.getaccesscode(CodeValidation.java:43)
at com.squaretrade.tests.SigninTests.baseGoogleValidTest(SigninTests.java:52)
at java.base/java.util.ArrayList.forEach(ArrayList.java:1540)
... Removed 27 stack frames]]>
    </failure>
  </testcase> <!-- baseGoogleValidTest -->
</testsuite> <!-- Validating User login -->
