<?xml version="1.0" encoding="UTF-8"?>
<!-- Generated by org.testng.reporters.JUnitXMLReporter -->
<testsuite ignored="0" hostname="IITC-WS-NB37" failures="2" tests="2" name="Validating title in the Page" time="9.328" errors="0" timestamp="2020-12-30T11:42:56 IST">
  <testcase classname="Academy.validateTitle" name="validateAppTitle" time="0.035">
    <failure type="java.lang.AssertionError" message="expected [Hope you&amp;apos;re doing great today!] but found []">
      <![CDATA[java.lang.AssertionError: expected [Hope you're doing great today!] but found []
at Academy.validateTitle.validateAppTitle(validateTitle.java:42)
at java.base/java.util.ArrayList.forEach(ArrayList.java:1540)
... Removed 33 stack frames]]>
    </failure>
  </testcase> <!-- validateAppTitle -->
  <testcase classname="Academy.validateTitle" name="validateHeader" time="0.023">
    <failure type="java.lang.AssertionError" message="expected [2020  Synchronoss. All rights Reserved] but found []">
      <![CDATA[java.lang.AssertionError: expected [2020  Synchronoss. All rights Reserved] but found []
at Academy.validateTitle.validateHeader(validateTitle.java:55)
at java.base/java.util.ArrayList.forEach(ArrayList.java:1540)
... Removed 33 stack frames]]>
    </failure>
  </testcase> <!-- validateHeader -->
</testsuite> <!-- Validating title in the Page -->
