<?xml version="1.0" encoding="UTF-8"?>
<!-- Generated by org.testng.reporters.JUnitXMLReporter -->
<testsuite ignored="0" hostname="IITC-WS-NB37" failures="2" tests="2" name="Validating Invalid userlogin Apple" time="0.008" errors="0" timestamp="2021-01-05T19:01:38 IST">
  <testcase classname="com.squaretrade.tests.AppleInvalidTest" name="baseAppleInvalidTest" time="0.001">
    <failure type="java.lang.NullPointerException">
      <![CDATA[java.lang.NullPointerException
at com.squaretrade.tests.AppleInvalidTest.baseAppleInvalidTest(AppleInvalidTest.java:33)
at java.base/java.util.ArrayList.forEach(ArrayList.java:1540)
... Removed 27 stack frames]]>
    </failure>
  </testcase> <!-- baseAppleInvalidTest -->
  <testcase classname="com.squaretrade.tests.AppleInvalidTest" name="baseAppleInvalidTest" time="0.004">
    <failure type="java.lang.NullPointerException">
      <![CDATA[java.lang.NullPointerException
at resources.base.getScreenShotPath(base.java:76)
at com.squaretrade.tests.Listeners.onTestFailure(Listeners.java:47)
at java.base/java.util.ArrayList.forEach(ArrayList.java:1540)
... Removed 24 stack frames]]>
    </failure>
  </testcase> <!-- baseAppleInvalidTest -->
</testsuite> <!-- Validating Invalid userlogin Apple -->
