<?xml version="1.0" encoding="UTF-8"?>
<!-- Generated by org.testng.reporters.JUnitXMLReporter -->
<testsuite ignored="0" hostname="IITC-WS-NB37" failures="0" tests="2" name="Validating valid userlogin Apple" time="104.933" errors="0" timestamp="2021-01-05T15:10:54 IST">
  <testcase classname="com.squaretrade.tests.ApplevalidTest" name="baseAppleCancelFlowTest" time="56.449"/>
  <testcase classname="com.squaretrade.tests.ApplevalidTest" name="baseApplevalidTest" time="39.128"/>
</testsuite> <!-- Validating valid userlogin Apple -->
