<?xml version="1.0" encoding="UTF-8"?>
<!-- Generated by org.testng.reporters.JUnitXMLReporter -->
<testsuite ignored="0" hostname="IITC-WS-NB37" failures="0" tests="3" name="Validating title in the Page" time="26.82" errors="0" timestamp="2021-01-06T19:12:18 IST">
  <testcase classname="com.squaretrade.tests.ValidateHeaderandFooter" name="URLCheckTest" time="7.686"/>
  <testcase classname="com.squaretrade.tests.ValidateHeaderandFooter" name="validateAppTitle" time="0.71"/>
  <testcase classname="com.squaretrade.tests.ValidateHeaderandFooter" name="validatefooter" time="0.056"/>
</testsuite> <!-- Validating title in the Page -->
