<?xml version="1.0" encoding="UTF-8"?>
<!-- Generated by org.testng.reporters.JUnitXMLReporter -->
<testsuite ignored="0" hostname="IITC-WS-NB37" failures="0" tests="2" name="Validating valid userlogin Apple" time="137.009" errors="0" timestamp="2021-01-06T19:18:47 IST">
  <testcase classname="com.squaretrade.tests.ApplevalidTest" name="baseAppleCancelFlowTest" time="66.339"/>
  <testcase classname="com.squaretrade.tests.ApplevalidTest" name="baseApplevalidTest" time="50.614"/>
</testsuite> <!-- Validating valid userlogin Apple -->
