<?xml version="1.0" encoding="UTF-8"?>
<testng-results ignored="0" total="1" passed="1" failed="0" skipped="0">
  <reporter-output>
  </reporter-output>
  <suite started-at="2020-12-30T15:18:33 IST" name="Default suite" finished-at="2020-12-30T15:19:55 IST" duration-ms="82085">
    <groups>
    </groups>
    <test started-at="2020-12-30T15:18:33 IST" name="Default test" finished-at="2020-12-30T15:19:55 IST" duration-ms="82085">
      <class name="Academy.SigninTests">
        <test-method is-config="true" signature="initialize()[pri:0, instance:Academy.SigninTests@5c18016b]" started-at="2020-12-30T15:18:33 IST" name="initialize" finished-at="2020-12-30T15:18:43 IST" duration-ms="10139" status="PASS">
          <reporter-output>
          </reporter-output>
        </test-method> <!-- initialize -->
        <test-method signature="basePageNavigation(java.lang.String, java.lang.String, java.lang.String)[pri:0, instance:Academy.SigninTests@5c18016b]" started-at="2020-12-30T15:18:43 IST" name="basePageNavigation" data-provider="getData" finished-at="2020-12-30T15:19:51 IST" duration-ms="67739" status="PASS">
          <params>
            <param index="0">
              <value>
                <![CDATA[twettest1@gmail.com]]>
              </value>
            </param>
            <param index="1">
              <value>
                <![CDATA[userdemo1212]]>
              </value>
            </param>
            <param index="2">
              <value>
                <![CDATA[Restrcited User]]>
              </value>
            </param>
          </params>
          <reporter-output>
          </reporter-output>
        </test-method> <!-- basePageNavigation -->
        <test-method is-config="true" signature="teardown()[pri:0, instance:Academy.SigninTests@5c18016b]" started-at="2020-12-30T15:19:51 IST" name="teardown" finished-at="2020-12-30T15:19:55 IST" duration-ms="4153" status="PASS">
          <reporter-output>
          </reporter-output>
        </test-method> <!-- teardown -->
      </class> <!-- Academy.SigninTests -->
    </test> <!-- Default test -->
  </suite> <!-- Default suite -->
</testng-results>
